<?xml version="1.0" encoding="utf-8"?><testsuites name="pytest tests"><testsuite name="pytest" errors="0" failures="0" skipped="0" tests="19" time="3.059" timestamp="2026-06-02T18:28:54.303182+00:00" hostname="agent-env-8d1433dc-9a2f-443e-9873-299f178ee062"><testcase classname="backend.tests.test_toolforge_api" name="test_health" time="0.109" /><testcase classname="backend.tests.test_toolforge_api" name="test_list_tools" time="0.056" /><testcase classname="backend.tests.test_toolforge_api" name="test_tool_categories" time="0.057" /><testcase classname="backend.tests.test_toolforge_api" name="test_tool_detail_views_increment" time="0.109" /><testcase classname="backend.tests.test_toolforge_api" name="test_tool_404" time="0.058" /><testcase classname="backend.tests.test_toolforge_api" name="test_blog_list" time="0.061" /><testcase classname="backend.tests.test_toolforge_api" name="test_blog_detail" time="0.104" /><testcase classname="backend.tests.test_toolforge_api" name="test_list_services" time="0.269" /><testcase classname="backend.tests.test_toolforge_api" name="test_service_detail" time="0.059" /><testcase classname="backend.tests.test_toolforge_api" name="test_page_privacy" time="0.054" /><testcase classname="backend.tests.test_toolforge_api" name="test_contact_create" time="0.061" /><testcase classname="backend.tests.test_toolforge_api" name="test_auth_me" time="0.345" /><testcase classname="backend.tests.test_toolforge_api" name="test_auth_login_bad_password" time="0.276" /><testcase classname="backend.tests.test_toolforge_api" name="test_admin_unauth" time="0.410" /><testcase classname="backend.tests.test_toolforge_api" name="test_admin_overview" time="0.131" /><testcase classname="backend.tests.test_toolforge_api" name="test_admin_lists" time="0.212" /><testcase classname="backend.tests.test_toolforge_api" name="test_admin_blog_crud" time="0.266" /><testcase classname="backend.tests.test_toolforge_api" name="test_admin_tool_crud" time="0.190" /><testcase classname="backend.tests.test_toolforge_api" name="test_admin_settings_update" time="0.164" /></testsuite></testsuites>